S = 1, (p,q) = (2,1), r = 3, x0 = 1.59

sin(x) h_min  = 1.99854e-05
h = 1.99854, ошибка = 0.849961
h = 0.199854, ошибка = 0.00108205
h = 0.0199854, ошибка = 1.04125e-06
h = 0.00199854, ошибка = 1.03647e-09
h = 0.000199854, ошибка = 2.75346e-13
h = 1.99854e-05, ошибка = 1.98886e-12
h = 1.99854e-06, ошибка = 5.28462e-11
h = 1.99854e-07, ошибка = 6.69742e-10
h = 1.99854e-08, ошибка = 6.35602e-09
h = 1.99854e-09, ошибка = 2.21198e-09
h = 1.99854e-10, ошибка = 4.6046e-07

10^5*sin(x) h_min  = 1.99854e-05
h = 1.99854, ошибка = 0.849961
h = 0.199854, ошибка = 0.00108205
h = 0.0199854, ошибка = 1.04125e-06
h = 0.00199854, ошибка = 1.03644e-09
h = 0.000199854, ошибка = 7.1655e-13
h = 1.99854e-05, ошибка = 4.00008e-12
h = 1.99854e-06, ошибка = 2.51984e-11
h = 1.99854e-07, ошибка = 3.7909e-10
h = 1.99854e-08, ошибка = 2.31617e-09
h = 1.99854e-09, ошибка = 7.62955e-08
h = 1.99854e-10, ошибка = 9.79347e-07

tan(x) h_min  = 1.99854e-05
h = 1.99854, ошибка = 0.976007
h = 0.199854, ошибка = 0.292451
h = 0.0199854, ошибка = 8.27783e-05
h = 0.00199854, ошибка = 7.74276e-08
h = 0.000199854, ошибка = 7.68233e-11
h = 1.99854e-05, ошибка = 9.10342e-13
h = 1.99854e-06, ошибка = 2.14518e-11
h = 1.99854e-07, ошибка = 2.37679e-10
h = 1.99854e-08, ошибка = 1.49214e-09
h = 1.99854e-09, ошибка = 1.29565e-10
h = 1.99854e-10, ошибка = 2.59343e-07
